<?xml version="1.0" encoding="UTF-8"?>
<testsuite name="Regristro en la aplicación" tests="1" skipped="0" failures="1" errors="0" timestamp="2022-03-06T02:48:56" hostname="DESKTOP-619IS6N" time="104.907">
  <properties/>
  <testcase name="Registro exitoso" classname="Regristro en la aplicación" time="104.907">
    <failure message="net.thucydides.core.webdriver.exceptions.ElementShouldBeEnabledException: Expected enabled element was not enabled" type="net.thucydides.core.webdriver.exceptions.ElementShouldBeEnabledException">net.thucydides.core.webdriver.exceptions.ElementShouldBeEnabledException: Expected enabled element was not enabled
	at net.serenitybdd.core.pages.WebElementFacadeImpl.waitUntilEnabled(WebElementFacadeImpl.java:1149)
	at net.serenitybdd.core.pages.WebElementFacadeImpl.waitUntilElementAvailable(WebElementFacadeImpl.java:954)
	at net.serenitybdd.core.pages.WebElementFacadeImpl.click(WebElementFacadeImpl.java:1229)
	at net.serenitybdd.screenplay.actions.ClickOnTarget.performAs(ClickOnTarget.java:13)
	at net.serenitybdd.screenplay.actions.ClickOnTarget$ByteBuddy$xdQIFZqr.performAs$accessor$PZA5ficV(Unknown Source)
	at java.base/jdk.internal.reflect.NativeMethodAccessorImpl.invoke0(Native Method)
	at java.base/jdk.internal.reflect.NativeMethodAccessorImpl.invoke(NativeMethodAccessorImpl.java:62)
	at java.base/jdk.internal.reflect.DelegatingMethodAccessorImpl.invoke(DelegatingMethodAccessorImpl.java:43)
	at java.base/java.lang.reflect.Method.invoke(Method.java:566)
	at net.thucydides.core.steps.StepInterceptor.invokeMethod(StepInterceptor.java:471)
	at net.thucydides.core.steps.StepInterceptor.executeTestStepMethod(StepInterceptor.java:451)
	at net.thucydides.core.steps.StepInterceptor.runTestStep(StepInterceptor.java:424)
	at net.thucydides.core.steps.StepInterceptor.runOrSkipMethod(StepInterceptor.java:180)
	at net.thucydides.core.steps.StepInterceptor.testStepResult(StepInterceptor.java:167)
	at net.thucydides.core.steps.StepInterceptor.intercept(StepInterceptor.java:75)
	at net.serenitybdd.screenplay.actions.ClickOnTarget$ByteBuddy$xdQIFZqr.performAs(Unknown Source)
	at net.serenitybdd.screenplay.Actor.performTask(Actor.java:233)
	at net.serenitybdd.screenplay.Actor.perform(Actor.java:214)
	at net.serenitybdd.screenplay.Actor.attemptsTo(Actor.java:171)
	at automatizacion.tasks.Register.performAs(Register.java:18)
	at automatizacion.tasks.Register$ByteBuddy$cfsgdAX0.performAs$accessor$C44LLKoQ(Unknown Source)
	at java.base/jdk.internal.reflect.NativeMethodAccessorImpl.invoke0(Native Method)
	at java.base/jdk.internal.reflect.NativeMethodAccessorImpl.invoke(NativeMethodAccessorImpl.java:62)
	at java.base/jdk.internal.reflect.DelegatingMethodAccessorImpl.invoke(DelegatingMethodAccessorImpl.java:43)
	at java.base/java.lang.reflect.Method.invoke(Method.java:566)
	at net.thucydides.core.steps.StepInterceptor.invokeMethod(StepInterceptor.java:471)
	at net.thucydides.core.steps.StepInterceptor.executeTestStepMethod(StepInterceptor.java:451)
	at net.thucydides.core.steps.StepInterceptor.runTestStep(StepInterceptor.java:424)
	at net.thucydides.core.steps.StepInterceptor.runOrSkipMethod(StepInterceptor.java:180)
	at net.thucydides.core.steps.StepInterceptor.testStepResult(StepInterceptor.java:167)
	at net.thucydides.core.steps.StepInterceptor.intercept(StepInterceptor.java:75)
	at automatizacion.tasks.Register$ByteBuddy$cfsgdAX0.performAs(Unknown Source)
	at net.serenitybdd.screenplay.Actor.performTask(Actor.java:233)
	at net.serenitybdd.screenplay.Actor.perform(Actor.java:214)
	at net.serenitybdd.screenplay.Actor.attemptsTo(Actor.java:171)
	at net.serenitybdd.screenplay.Actor.wasAbleTo(Actor.java:158)
	at automatizacion.stepdefinitions.RegisterStepDefinition.ingresaTodosLasCredencialesValidas(RegisterStepDefinition.java:27)
	at ✽.ingresa todos las credenciales validas(src/test/resources/features/registerUtest.feature:8)
Caused by: org.openqa.selenium.TimeoutException: Expected condition failed: waiting for By.xpath: //*[@id=&quot;regs_container&quot;]/div/div[2]/div/div[2]/div/div[2]/div to be enabled (tried for 5 second(s) with 100 milliseconds interval)
	at org.openqa.selenium.support.ui.FluentWait.timeoutException(FluentWait.java:304)
	at org.openqa.selenium.support.ui.FluentWait.until(FluentWait.java:272)
	at net.serenitybdd.core.pages.WebElementFacadeImpl.waitUntilEnabled(WebElementFacadeImpl.java:1146)
	at net.serenitybdd.core.pages.WebElementFacadeImpl.waitUntilElementAvailable(WebElementFacadeImpl.java:954)
	at net.serenitybdd.core.pages.WebElementFacadeImpl.click(WebElementFacadeImpl.java:1229)
	at net.serenitybdd.screenplay.actions.ClickOnTarget.performAs(ClickOnTarget.java:13)
	at net.serenitybdd.screenplay.actions.ClickOnTarget$ByteBuddy$xdQIFZqr.performAs$accessor$PZA5ficV(Unknown Source)
	at java.base/jdk.internal.reflect.NativeMethodAccessorImpl.invoke0(Native Method)
	at java.base/jdk.internal.reflect.NativeMethodAccessorImpl.invoke(NativeMethodAccessorImpl.java:62)
	at java.base/jdk.internal.reflect.DelegatingMethodAccessorImpl.invoke(DelegatingMethodAccessorImpl.java:43)
	at java.base/java.lang.reflect.Method.invoke(Method.java:566)
	at net.thucydides.core.steps.StepInterceptor.invokeMethod(StepInterceptor.java:471)
	at net.thucydides.core.steps.StepInterceptor.executeTestStepMethod(StepInterceptor.java:451)
	at net.thucydides.core.steps.StepInterceptor.runTestStep(StepInterceptor.java:424)
	at net.thucydides.core.steps.StepInterceptor.runOrSkipMethod(StepInterceptor.java:180)
	at net.thucydides.core.steps.StepInterceptor.testStepResult(StepInterceptor.java:167)
	at net.thucydides.core.steps.StepInterceptor.intercept(StepInterceptor.java:75)
	at net.serenitybdd.screenplay.actions.ClickOnTarget$ByteBuddy$xdQIFZqr.performAs(Unknown Source)
	at net.serenitybdd.screenplay.Actor.performTask(Actor.java:233)
	at net.serenitybdd.screenplay.Actor.perform(Actor.java:214)
	at net.serenitybdd.screenplay.Actor.attemptsTo(Actor.java:171)
	at automatizacion.tasks.Register.performAs(Register.java:18)
	at automatizacion.tasks.Register$ByteBuddy$cfsgdAX0.performAs$accessor$C44LLKoQ(Unknown Source)
	at java.base/jdk.internal.reflect.NativeMethodAccessorImpl.invoke0(Native Method)
	at java.base/jdk.internal.reflect.NativeMethodAccessorImpl.invoke(NativeMethodAccessorImpl.java:62)
	at java.base/jdk.internal.reflect.DelegatingMethodAccessorImpl.invoke(DelegatingMethodAccessorImpl.java:43)
	at java.base/java.lang.reflect.Method.invoke(Method.java:566)
	at net.thucydides.core.steps.StepInterceptor.invokeMethod(StepInterceptor.java:471)
	at net.thucydides.core.steps.StepInterceptor.executeTestStepMethod(StepInterceptor.java:451)
	at net.thucydides.core.steps.StepInterceptor.runTestStep(StepInterceptor.java:424)
	at net.thucydides.core.steps.StepInterceptor.runOrSkipMethod(StepInterceptor.java:180)
	at net.thucydides.core.steps.StepInterceptor.testStepResult(StepInterceptor.java:167)
	at net.thucydides.core.steps.StepInterceptor.intercept(StepInterceptor.java:75)
	at automatizacion.tasks.Register$ByteBuddy$cfsgdAX0.performAs(Unknown Source)
	at net.serenitybdd.screenplay.Actor.performTask(Actor.java:233)
	at net.serenitybdd.screenplay.Actor.perform(Actor.java:214)
	at net.serenitybdd.screenplay.Actor.attemptsTo(Actor.java:171)
	at net.serenitybdd.screenplay.Actor.wasAbleTo(Actor.java:158)
	at automatizacion.stepdefinitions.RegisterStepDefinition.ingresaTodosLasCredencialesValidas(RegisterStepDefinition.java:27)
	at java.base/jdk.internal.reflect.NativeMethodAccessorImpl.invoke0(Native Method)
	at java.base/jdk.internal.reflect.NativeMethodAccessorImpl.invoke(NativeMethodAccessorImpl.java:62)
	at java.base/jdk.internal.reflect.DelegatingMethodAccessorImpl.invoke(DelegatingMethodAccessorImpl.java:43)
	at java.base/java.lang.reflect.Method.invoke(Method.java:566)
	at cucumber.runtime.Utils$1.call(Utils.java:31)
	at cucumber.runtime.Timeout.timeout(Timeout.java:16)
	at cucumber.runtime.Utils.invoke(Utils.java:25)
	at cucumber.runtime.java.JavaStepDefinition.execute(JavaStepDefinition.java:37)
	at cucumber.runtime.StepDefinitionMatch.runStep(StepDefinitionMatch.java:40)
	at cucumber.api.TestStep.executeStep(TestStep.java:102)
	at cucumber.api.TestStep.run(TestStep.java:83)
	at cucumber.api.TestCase.run(TestCase.java:58)
	at cucumber.runner.Runner.runPickle(Runner.java:80)
	at cucumber.runtime.junit.PickleRunners$NoStepDescriptions.run(PickleRunners.java:140)
	at cucumber.runtime.junit.FeatureRunner.runChild(FeatureRunner.java:68)
	at cucumber.runtime.junit.FeatureRunner.runChild(FeatureRunner.java:23)
	at org.junit.runners.ParentRunner$3.run(ParentRunner.java:290)
	at org.junit.runners.ParentRunner$1.schedule(ParentRunner.java:71)
	at org.junit.runners.ParentRunner.runChildren(ParentRunner.java:288)
	at org.junit.runners.ParentRunner.access$000(ParentRunner.java:58)
	at org.junit.runners.ParentRunner$2.evaluate(ParentRunner.java:268)
	at org.junit.runners.ParentRunner.run(ParentRunner.java:363)
	at cucumber.runtime.junit.FeatureRunner.run(FeatureRunner.java:73)
	at cucumber.api.junit.Cucumber.runChild(Cucumber.java:118)
	at cucumber.api.junit.Cucumber.runChild(Cucumber.java:56)
	at org.junit.runners.ParentRunner$3.run(ParentRunner.java:290)
	at org.junit.runners.ParentRunner$1.schedule(ParentRunner.java:71)
	at org.junit.runners.ParentRunner.runChildren(ParentRunner.java:288)
	at org.junit.runners.ParentRunner.access$000(ParentRunner.java:58)
	at org.junit.runners.ParentRunner$2.evaluate(ParentRunner.java:268)
	at cucumber.api.junit.Cucumber$1.evaluate(Cucumber.java:127)
	at org.junit.runners.ParentRunner.run(ParentRunner.java:363)
	at org.gradle.api.internal.tasks.testing.junit.JUnitTestClassExecutor.runTestClass(JUnitTestClassExecutor.java:110)
	at org.gradle.api.internal.tasks.testing.junit.JUnitTestClassExecutor.execute(JUnitTestClassExecutor.java:58)
	at org.gradle.api.internal.tasks.testing.junit.JUnitTestClassExecutor.execute(JUnitTestClassExecutor.java:38)
	at org.gradle.api.internal.tasks.testing.junit.AbstractJUnitTestClassProcessor.processTestClass(AbstractJUnitTestClassProcessor.java:62)
	at org.gradle.api.internal.tasks.testing.SuiteTestClassProcessor.processTestClass(SuiteTestClassProcessor.java:51)
	at java.base/jdk.internal.reflect.NativeMethodAccessorImpl.invoke0(Native Method)
	at java.base/jdk.internal.reflect.NativeMethodAccessorImpl.invoke(NativeMethodAccessorImpl.java:62)
	at java.base/jdk.internal.reflect.DelegatingMethodAccessorImpl.invoke(DelegatingMethodAccessorImpl.java:43)
	at java.base/java.lang.reflect.Method.invoke(Method.java:566)
	at org.gradle.internal.dispatch.ReflectionDispatch.dispatch(ReflectionDispatch.java:35)
	at org.gradle.internal.dispatch.ReflectionDispatch.dispatch(ReflectionDispatch.java:24)
	at org.gradle.internal.dispatch.ContextClassLoaderDispatch.dispatch(ContextClassLoaderDispatch.java:32)
	at org.gradle.internal.dispatch.ProxyDispatchAdapter$DispatchingInvocationHandler.invoke(ProxyDispatchAdapter.java:93)
	at com.sun.proxy.$Proxy2.processTestClass(Unknown Source)
	at org.gradle.api.internal.tasks.testing.worker.TestWorker.processTestClass(TestWorker.java:118)
	at java.base/jdk.internal.reflect.NativeMethodAccessorImpl.invoke0(Native Method)
	at java.base/jdk.internal.reflect.NativeMethodAccessorImpl.invoke(NativeMethodAccessorImpl.java:62)
	at java.base/jdk.internal.reflect.DelegatingMethodAccessorImpl.invoke(DelegatingMethodAccessorImpl.java:43)
	at java.base/java.lang.reflect.Method.invoke(Method.java:566)
	at org.gradle.internal.dispatch.ReflectionDispatch.dispatch(ReflectionDispatch.java:35)
	at org.gradle.internal.dispatch.ReflectionDispatch.dispatch(ReflectionDispatch.java:24)
	at org.gradle.internal.remote.internal.hub.MessageHubBackedObjectConnection$DispatchWrapper.dispatch(MessageHubBackedObjectConnection.java:175)
	at org.gradle.internal.remote.internal.hub.MessageHubBackedObjectConnection$DispatchWrapper.dispatch(MessageHubBackedObjectConnection.java:157)
	at org.gradle.internal.remote.internal.hub.MessageHub$Handler.run(MessageHub.java:404)
	at org.gradle.internal.concurrent.ExecutorPolicy$CatchAndRecordFailures.onExecute(ExecutorPolicy.java:63)
	at org.gradle.internal.concurrent.ManagedExecutorImpl$1.run(ManagedExecutorImpl.java:46)
	at java.base/java.util.concurrent.ThreadPoolExecutor.runWorker(ThreadPoolExecutor.java:1128)
	at java.base/java.util.concurrent.ThreadPoolExecutor$Worker.run(ThreadPoolExecutor.java:628)
	at org.gradle.internal.concurrent.ThreadFactoryImpl$ManagedThreadRunnable.run(ThreadFactoryImpl.java:55)
	at java.base/java.lang.Thread.run(Thread.java:834)
Caused by: org.openqa.selenium.NoSuchElementException: no such element: Unable to locate element: {&quot;method&quot;:&quot;xpath&quot;,&quot;selector&quot;:&quot;//*[@id=&quot;regs_container&quot;]/div/div[2]/div/div[2]/div/div[2]/div&quot;}
  (Session info: chrome=99.0.4844.51)
For documentation on this error, please visit: https://www.seleniumhq.org/exceptions/no_such_element.html
Build info: version: '3.141.59', revision: 'e82be7d358', time: '2018-11-14T08:17:03'
System info: host: 'DESKTOP-619IS6N', ip: '192.168.0.102', os.name: 'Windows 10', os.arch: 'amd64', os.version: '10.0', java.version: '11.0.4'
Driver info: org.openqa.selenium.chrome.ChromeDriver
Capabilities {acceptInsecureCerts: false, browserName: chrome, browserVersion: 99.0.4844.51, chrome: {chromedriverVersion: 98.0.4758.102 (273bf7ac8c90..., userDataDir: C:\Users\ADMINI~1\AppData\L...}, goog:chromeOptions: {debuggerAddress: localhost:60258}, javascriptEnabled: true, networkConnectionEnabled: false, pageLoadStrategy: normal, platform: WINDOWS, platformName: WINDOWS, proxy: Proxy(), setWindowRect: true, strictFileInteractability: false, timeouts: {implicit: 0, pageLoad: 300000, script: 30000}, unhandledPromptBehavior: dismiss and notify, webauthn:extension:credBlob: true, webauthn:extension:largeBlob: true, webauthn:virtualAuthenticators: true}
Session ID: 21f3b64182dbf9d90304f795e0d9f42a
*** Element info: {Using=xpath, value=//*[@id=&quot;regs_container&quot;]/div/div[2]/div/div[2]/div/div[2]/div}
	at java.base/jdk.internal.reflect.NativeConstructorAccessorImpl.newInstance0(Native Method)
	at java.base/jdk.internal.reflect.NativeConstructorAccessorImpl.newInstance(NativeConstructorAccessorImpl.java:62)
	at java.base/jdk.internal.reflect.DelegatingConstructorAccessorImpl.newInstance(DelegatingConstructorAccessorImpl.java:45)
	at java.base/java.lang.reflect.Constructor.newInstance(Constructor.java:490)
	at org.openqa.selenium.remote.http.W3CHttpResponseCodec.createException(W3CHttpResponseCodec.java:187)
	at org.openqa.selenium.remote.http.W3CHttpResponseCodec.decode(W3CHttpResponseCodec.java:122)
	at org.openqa.selenium.remote.http.W3CHttpResponseCodec.decode(W3CHttpResponseCodec.java:49)
	at org.openqa.selenium.remote.HttpCommandExecutor.execute(HttpCommandExecutor.java:158)
	at org.openqa.selenium.remote.service.DriverCommandExecutor.execute(DriverCommandExecutor.java:83)
	at org.openqa.selenium.remote.RemoteWebDriver.execute(RemoteWebDriver.java:552)
	at org.openqa.selenium.remote.RemoteWebDriver.findElement(RemoteWebDriver.java:323)
	at org.openqa.selenium.remote.RemoteWebDriver.findElementByXPath(RemoteWebDriver.java:428)
	at org.openqa.selenium.By$ByXPath.findElement(By.java:353)
	at org.openqa.selenium.remote.RemoteWebDriver.findElement(RemoteWebDriver.java:315)
	at net.thucydides.core.webdriver.WebDriverFacade.findElement(WebDriverFacade.java:222)
	at net.serenitybdd.core.pages.WebElementResolverByLocator.resolveForDriver(WebElementResolverByLocator.java:18)
	at net.serenitybdd.core.pages.WebElementFacadeImpl.getElement(WebElementFacadeImpl.java:221)
	at net.serenitybdd.core.pages.WebElementExpectations$3.apply(WebElementExpectations.java:63)
	at net.serenitybdd.core.pages.WebElementExpectations$3.apply(WebElementExpectations.java:55)
	at org.openqa.selenium.support.ui.FluentWait.until(FluentWait.java:249)
	... 99 more
</failure>
  </testcase>
  <system-out><![CDATA[]]></system-out>
  <system-err><![CDATA[[Test worker] WARN net.thucydides.core.steps.BaseStepListener - stepStarted: net.thucydides.core.steps.ExecutedStepDescription@5122daef
[Test worker] WARN net.thucydides.core.steps.BaseStepListener - stepStarted: net.thucydides.core.steps.ExecutedStepDescription@3dbfcdf3
[Test worker] WARN net.thucydides.core.steps.BaseStepListener - stepStarted: net.thucydides.core.steps.ExecutedStepDescription@7d3c7ee8
mar. 05, 2022 9:48:59 P. M. org.openqa.selenium.remote.DesiredCapabilities chrome
INFORMACIÓN: Using `new ChromeOptions()` is preferred to `DesiredCapabilities.chrome()`
[Test worker] INFO net.serenitybdd.core.webdriver.driverproviders.ProvideNewDriver - Instantiating driver
[Test worker] INFO net.serenitybdd.core.webdriver.driverproviders.ProvideNewDriver - Driver capabilities: Capabilities {acceptInsecureCerts: false, browserName: chrome, chrome.switches: --start-maximized, goog:chromeOptions: {args: [--start-maximized], extensions: []}, loggingPrefs: org.openqa.selenium.logging..., platform: ANY, version: }
Starting ChromeDriver 98.0.4758.102 (273bf7ac8c909cde36982d27f66f3c70846a3718-refs/branch-heads/4758@{#1151}) on port 24917
Only local connections are allowed.
Please see https://chromedriver.chromium.org/security-considerations for suggestions on keeping ChromeDriver safe.
ChromeDriver was started successfully.
[1646534957.512][WARNING]: This version of ChromeDriver has not been tested with Chrome version 99.
mar. 05, 2022 9:49:18 P. M. org.openqa.selenium.remote.ProtocolHandshake createSession
INFORMACIÓN: Detected dialect: W3C
[Test worker] WARN net.thucydides.core.steps.BaseStepListener - stepFinished: current outcome:Registro exitoso:Given que Lucero quiere ingresar a la pagina principal Utest [Lucero open up [Lucero opens the Utest page]]
[Test worker] WARN net.thucydides.core.steps.BaseStepListener - stepFinished: current outcome:Registro exitoso:Given que Lucero quiere ingresar a la pagina principal Utest [Lucero open up [Lucero opens the Utest page]]
[Test worker] WARN net.thucydides.core.steps.BaseStepListener - stepFinished: current outcome:Registro exitoso:Given que Lucero quiere ingresar a la pagina principal Utest [Lucero open up [Lucero opens the Utest page]]
[Test worker] WARN net.thucydides.core.steps.BaseStepListener - stepStarted: net.thucydides.core.steps.ExecutedStepDescription@7b89f233
[Test worker] WARN net.thucydides.core.steps.BaseStepListener - stepStarted: net.thucydides.core.steps.ExecutedStepDescription@18736c3e
[Test worker] WARN net.thucydides.core.steps.BaseStepListener - stepStarted: net.thucydides.core.steps.ExecutedStepDescription@5af3bfbd
[Test worker] WARN net.thucydides.core.steps.BaseStepListener - stepFinished: current outcome:Registro exitoso:Given que Lucero quiere ingresar a la pagina principal Utest [Lucero open up [Lucero opens the Utest page]], When ingresa todos las credenciales validas [Lucero register [Lucero clicks on boton que inicia el registro]]
[Test worker] WARN net.thucydides.core.steps.BaseStepListener - stepStarted: net.thucydides.core.steps.ExecutedStepDescription@d4deb4b
[Test worker] WARN net.thucydides.core.steps.BaseStepListener - stepFinished: current outcome:Registro exitoso:Given que Lucero quiere ingresar a la pagina principal Utest [Lucero open up [Lucero opens the Utest page]], When ingresa todos las credenciales validas [Lucero register [Lucero clicks on boton que inicia el registro, Lucero enters 'Ana' into donde escribo el nombre del usuario]]
[Test worker] WARN net.thucydides.core.steps.BaseStepListener - stepStarted: net.thucydides.core.steps.ExecutedStepDescription@7bcc42d5
[Test worker] WARN net.thucydides.core.steps.BaseStepListener - stepFinished: current outcome:Registro exitoso:Given que Lucero quiere ingresar a la pagina principal Utest [Lucero open up [Lucero opens the Utest page]], When ingresa todos las credenciales validas [Lucero register [Lucero clicks on boton que inicia el registro, Lucero enters 'Ana' into donde escribo el nombre del usuario, Lucero enters 'Gomez' into donde escribo el apellido del usuario]]
[Test worker] WARN net.thucydides.core.steps.BaseStepListener - stepStarted: net.thucydides.core.steps.ExecutedStepDescription@5b2de521
[Test worker] WARN net.thucydides.core.steps.BaseStepListener - stepFinished: current outcome:Registro exitoso:Given que Lucero quiere ingresar a la pagina principal Utest [Lucero open up [Lucero opens the Utest page]], When ingresa todos las credenciales validas [Lucero register [Lucero clicks on boton que inicia el registro, Lucero enters 'Ana' into donde escribo el nombre del usuario, Lucero enters 'Gomez' into donde escribo el apellido del usuario, Lucero enters 'anagomez@email.com' into donde escribo el correo electronico del usuario]]
[Test worker] WARN net.thucydides.core.steps.BaseStepListener - stepStarted: net.thucydides.core.steps.ExecutedStepDescription@3afc29f3
[Test worker] WARN net.thucydides.core.steps.BaseStepListener - stepFinished: current outcome:Registro exitoso:Given que Lucero quiere ingresar a la pagina principal Utest [Lucero open up [Lucero opens the Utest page]], When ingresa todos las credenciales validas [Lucero register [Lucero clicks on boton que inicia el registro, Lucero enters 'Ana' into donde escribo el nombre del usuario, Lucero enters 'Gomez' into donde escribo el apellido del usuario, Lucero enters 'anagomez@email.com' into donde escribo el correo electronico del usuario, Lucero select April on donde selecciono el mes de nacimiento del usuario]]
[Test worker] WARN net.thucydides.core.steps.BaseStepListener - stepStarted: net.thucydides.core.steps.ExecutedStepDescription@7f9f0b9d
[Test worker] WARN net.thucydides.core.steps.BaseStepListener - stepFinished: current outcome:Registro exitoso:Given que Lucero quiere ingresar a la pagina principal Utest [Lucero open up [Lucero opens the Utest page]], When ingresa todos las credenciales validas [Lucero register [Lucero clicks on boton que inicia el registro, Lucero enters 'Ana' into donde escribo el nombre del usuario, Lucero enters 'Gomez' into donde escribo el apellido del usuario, Lucero enters 'anagomez@email.com' into donde escribo el correo electronico del usuario, Lucero select April on donde selecciono el mes de nacimiento del usuario, Lucero select 12 on donde selecciono el dia de nacimiento del usuario]]
[Test worker] WARN net.thucydides.core.steps.BaseStepListener - stepStarted: net.thucydides.core.steps.ExecutedStepDescription@54b39082
[Test worker] WARN net.thucydides.core.steps.BaseStepListener - stepFinished: current outcome:Registro exitoso:Given que Lucero quiere ingresar a la pagina principal Utest [Lucero open up [Lucero opens the Utest page]], When ingresa todos las credenciales validas [Lucero register [Lucero clicks on boton que inicia el registro, Lucero enters 'Ana' into donde escribo el nombre del usuario, Lucero enters 'Gomez' into donde escribo el apellido del usuario, Lucero enters 'anagomez@email.com' into donde escribo el correo electronico del usuario, Lucero select April on donde selecciono el mes de nacimiento del usuario, Lucero select 12 on donde selecciono el dia de nacimiento del usuario, Lucero select 2002 on donde selecciono el aÃ±o de nacimiento del usuario]]
[Test worker] WARN net.thucydides.core.steps.BaseStepListener - stepStarted: net.thucydides.core.steps.ExecutedStepDescription@29efc555
[Test worker] WARN net.thucydides.core.steps.BaseStepListener - stepFinished: current outcome:Registro exitoso:Given que Lucero quiere ingresar a la pagina principal Utest [Lucero open up [Lucero opens the Utest page]], When ingresa todos las credenciales validas [Lucero register [Lucero clicks on boton que inicia el registro, Lucero enters 'Ana' into donde escribo el nombre del usuario, Lucero enters 'Gomez' into donde escribo el apellido del usuario, Lucero enters 'anagomez@email.com' into donde escribo el correo electronico del usuario, Lucero select April on donde selecciono el mes de nacimiento del usuario, Lucero select 12 on donde selecciono el dia de nacimiento del usuario, Lucero select 2002 on donde selecciono el aÃ±o de nacimiento del usuario, Lucero enters 'Armenian' into donde escribo el lenguaje del usuario]]
[Test worker] WARN net.thucydides.core.steps.BaseStepListener - stepStarted: net.thucydides.core.steps.ExecutedStepDescription@2d8382e7
[Test worker] WARN net.thucydides.core.steps.BaseStepListener - stepFinished: current outcome:Registro exitoso:Given que Lucero quiere ingresar a la pagina principal Utest [Lucero open up [Lucero opens the Utest page]], When ingresa todos las credenciales validas [Lucero register [Lucero clicks on boton que inicia el registro, Lucero enters 'Ana' into donde escribo el nombre del usuario, Lucero enters 'Gomez' into donde escribo el apellido del usuario, Lucero enters 'anagomez@email.com' into donde escribo el correo electronico del usuario, Lucero select April on donde selecciono el mes de nacimiento del usuario, Lucero select 12 on donde selecciono el dia de nacimiento del usuario, Lucero select 2002 on donde selecciono el aÃ±o de nacimiento del usuario, Lucero enters 'Armenian' into donde escribo el lenguaje del usuario, Lucero clicks on boton para continuar el registro]]
[Test worker] WARN net.thucydides.core.steps.BaseStepListener - stepStarted: net.thucydides.core.steps.ExecutedStepDescription@226b1349
[Test worker] WARN net.thucydides.core.steps.BaseStepListener - stepFinished: current outcome:Registro exitoso:Given que Lucero quiere ingresar a la pagina principal Utest [Lucero open up [Lucero opens the Utest page]], When ingresa todos las credenciales validas [Lucero register [Lucero clicks on boton que inicia el registro, Lucero enters 'Ana' into donde escribo el nombre del usuario, Lucero enters 'Gomez' into donde escribo el apellido del usuario, Lucero enters 'anagomez@email.com' into donde escribo el correo electronico del usuario, Lucero select April on donde selecciono el mes de nacimiento del usuario, Lucero select 12 on donde selecciono el dia de nacimiento del usuario, Lucero select 2002 on donde selecciono el aÃ±o de nacimiento del usuario, Lucero enters 'Armenian' into donde escribo el lenguaje del usuario, Lucero clicks on boton para continuar el registro, Lucero enters '55555' into donde escribo el codigo postal donde esta ubicado el usuario]]
[Test worker] WARN net.thucydides.core.steps.BaseStepListener - stepStarted: net.thucydides.core.steps.ExecutedStepDescription@224f026c
[Test worker] WARN net.thucydides.core.steps.BaseStepListener - stepFinished: current outcome:Registro exitoso:Given que Lucero quiere ingresar a la pagina principal Utest [Lucero open up [Lucero opens the Utest page]], When ingresa todos las credenciales validas [Lucero register [Lucero clicks on boton que inicia el registro, Lucero enters 'Ana' into donde escribo el nombre del usuario, Lucero enters 'Gomez' into donde escribo el apellido del usuario, Lucero enters 'anagomez@email.com' into donde escribo el correo electronico del usuario, Lucero select April on donde selecciono el mes de nacimiento del usuario, Lucero select 12 on donde selecciono el dia de nacimiento del usuario, Lucero select 2002 on donde selecciono el aÃ±o de nacimiento del usuario, Lucero enters 'Armenian' into donde escribo el lenguaje del usuario, Lucero clicks on boton para continuar el registro, Lucero enters '55555' into donde escribo el codigo postal donde esta ubicado el usuario, Lucero clicks on boton para continuar con el registro]]
[Test worker] WARN net.thucydides.core.steps.BaseStepListener - stepStarted: net.thucydides.core.steps.ExecutedStepDescription@4761d9e7
[Test worker] WARN net.thucydides.core.steps.BaseStepListener - stepStarted: net.thucydides.core.steps.ExecutedStepDescription@d973b6c
[Test worker] WARN net.thucydides.core.steps.BaseStepListener - testFinished: Registro exitoso:Given que Lucero quiere ingresar a la pagina principal Utest [Lucero open up [Lucero opens the Utest page]], When ingresa todos las credenciales validas [Lucero register [Lucero clicks on boton que inicia el registro, Lucero enters 'Ana' into donde escribo el nombre del usuario, Lucero enters 'Gomez' into donde escribo el apellido del usuario, Lucero enters 'anagomez@email.com' into donde escribo el correo electronico del usuario, Lucero select April on donde selecciono el mes de nacimiento del usuario, Lucero select 12 on donde selecciono el dia de nacimiento del usuario, Lucero select 2002 on donde selecciono el aÃ±o de nacimiento del usuario, Lucero enters 'Armenian' into donde escribo el lenguaje del usuario, Lucero clicks on boton para continuar el registro, Lucero enters '55555' into donde escribo el codigo postal donde esta ubicado el usuario, Lucero clicks on boton para continuar con el registro, Lucero clicks on boton para continuar con el registro]], Then Lucero es un usuario registrado
[Test worker] WARN net.thucydides.core.steps.BaseStepListener - TestOutcomes: [Registro exitoso:Given que Lucero quiere ingresar a la pagina principal Utest [Lucero open up [Lucero opens the Utest page]], When ingresa todos las credenciales validas [Lucero register [Lucero clicks on boton que inicia el registro, Lucero enters 'Ana' into donde escribo el nombre del usuario, Lucero enters 'Gomez' into donde escribo el apellido del usuario, Lucero enters 'anagomez@email.com' into donde escribo el correo electronico del usuario, Lucero select April on donde selecciono el mes de nacimiento del usuario, Lucero select 12 on donde selecciono el dia de nacimiento del usuario, Lucero select 2002 on donde selecciono el aÃ±o de nacimiento del usuario, Lucero enters 'Armenian' into donde escribo el lenguaje del usuario, Lucero clicks on boton para continuar el registro, Lucero enters '55555' into donde escribo el codigo postal donde esta ubicado el usuario, Lucero clicks on boton para continuar con el registro, Lucero clicks on boton para continuar con el registro]], Then Lucero es un usuario registrado]
[Test worker] WARN net.thucydides.core.steps.BaseStepListener - Final testOutcomes: [Registro exitoso:Given que Lucero quiere ingresar a la pagina principal Utest [Lucero open up [Lucero opens the Utest page]], When ingresa todos las credenciales validas [Lucero register [Lucero clicks on boton que inicia el registro, Lucero enters 'Ana' into donde escribo el nombre del usuario, Lucero enters 'Gomez' into donde escribo el apellido del usuario, Lucero enters 'anagomez@email.com' into donde escribo el correo electronico del usuario, Lucero select April on donde selecciono el mes de nacimiento del usuario, Lucero select 12 on donde selecciono el dia de nacimiento del usuario, Lucero select 2002 on donde selecciono el aÃ±o de nacimiento del usuario, Lucero enters 'Armenian' into donde escribo el lenguaje del usuario, Lucero clicks on boton para continuar el registro, Lucero enters '55555' into donde escribo el codigo postal donde esta ubicado el usuario, Lucero clicks on boton para continuar con el registro, Lucero clicks on boton para continuar con el registro]], Then Lucero es un usuario registrado]
[Test worker] ERROR net.thucydides.core.steps.ConsoleLoggingListener - 
           __  _____ _____ ____ _____   _____ _    ___ _     _____ ____  
  _       / / |_   _| ____/ ___|_   _| |  ___/ \  |_ _| |   | ____|  _ \ 
 (_)_____| |    | | |  _| \___ \ | |   | |_ / _ \  | || |   |  _| | | | |
  _|_____| |    | | | |___ ___) || |   |  _/ ___ \ | || |___| |___| |_| |
 (_)     | |    |_| |_____|____/ |_|   |_|/_/   \_\___|_____|_____|____/ 
          \_\                                                            

TEST FAILED: Registro exitoso
--------------------------------------------------------------------------
[Test worker] ERROR net.thucydides.core.steps.ConsoleLoggingListener - TEST FAILED AT STEP Lucero clicks on boton para continuar con el registro
[Test worker] ERROR net.thucydides.core.steps.ConsoleLoggingListener - Expected enabled element was not enabled
]]></system-err>
</testsuite>
